-------------------------------------------------------------------------------
Test set: com.pinhobrunodev.convert.ConvertApplicationTests
-------------------------------------------------------------------------------
Tests run: 1, Failures: 0, Errors: 1, Skipped: 0, Time elapsed: 3.44 s <<< FAILURE! - in com.pinhobrunodev.convert.ConvertApplicationTests
contextLoads  Time elapsed: 0 s  <<< ERROR!
java.lang.IllegalStateException: Failed to load ApplicationContext
Caused by: org.springframework.beans.factory.UnsatisfiedDependencyException: Error creating bean with name 'convertApplication': Unsatisfied dependency expressed through field 'marshaller'; nested exception is org.springframework.beans.factory.BeanCreationException: Error creating bean with name 'jaxb2Marshaller' defined in class path resource [com/pinhobrunodev/convert/JaxbConfig.class]: Invocation of init method failed; nested exception is java.lang.IllegalArgumentException: Resource does not exist: ServletContext resource [/src/main/resources/xsd/schema.xsd]
Caused by: org.springframework.beans.factory.BeanCreationException: Error creating bean with name 'jaxb2Marshaller' defined in class path resource [com/pinhobrunodev/convert/JaxbConfig.class]: Invocation of init method failed; nested exception is java.lang.IllegalArgumentException: Resource does not exist: ServletContext resource [/src/main/resources/xsd/schema.xsd]
Caused by: java.lang.IllegalArgumentException: Resource does not exist: ServletContext resource [/src/main/resources/xsd/schema.xsd]

